0 verbose cli /Users/asmitsingh/.nvm/versions/node/v19.4.0/bin/node /Users/asmitsingh/.nvm/versions/node/v19.4.0/bin/npm
1 info using npm@9.2.0
2 info using node@v19.4.0
3 timing npm:load:whichnode Completed in 0ms
4 timing config:load:defaults Completed in 1ms
5 timing config:load:file:/Users/asmitsingh/.nvm/versions/node/v19.4.0/lib/node_modules/npm/npmrc Completed in 0ms
6 timing config:load:builtin Completed in 0ms
7 timing config:load:cli Completed in 1ms
8 timing config:load:env Completed in 0ms
9 timing config:load:project Completed in 1ms
10 timing config:load:file:/Users/asmitsingh/.npmrc Completed in 0ms
11 timing config:load:user Completed in 0ms
12 timing config:load:file:/Users/asmitsingh/.nvm/versions/node/v19.4.0/etc/npmrc Completed in 1ms
13 timing config:load:global Completed in 1ms
14 timing config:load:setEnvs Completed in 0ms
15 timing config:load Completed in 4ms
16 timing npm:load:configload Completed in 4ms
17 timing npm:load:mkdirpcache Completed in 1ms
18 timing npm:load:mkdirplogs Completed in 0ms
19 verbose title npm install
20 verbose argv "install"
21 timing npm:load:setTitle Completed in 5ms
22 timing config:load:flatten Completed in 1ms
23 timing npm:load:display Completed in 1ms
24 verbose logfile logs-max:10 dir:/Users/asmitsingh/Documents/ticketing/auth/npm-cache/_logs/2024-05-03T06_50_06_867Z-
25 verbose logfile /Users/asmitsingh/Documents/ticketing/auth/npm-cache/_logs/2024-05-03T06_50_06_867Z-debug-0.log
26 timing npm:load:logFile Completed in 2ms
27 timing npm:load:timers Completed in 0ms
28 timing npm:load:configScope Completed in 0ms
29 timing npm:load Completed in 14ms
30 silly logfile done cleaning log files
31 timing config:load:flatten Completed in 0ms
32 timing arborist:ctor Completed in 1ms
33 timing idealTree:init Completed in 17ms
34 timing idealTree:userRequests Completed in 0ms
35 silly idealTree buildDeps
36 timing idealTree:#root Completed in 0ms
37 timing idealTree:buildDeps Completed in 1ms
38 timing idealTree:fixDepFlags Completed in 0ms
39 timing idealTree Completed in 19ms
40 timing arborist:ctor Completed in 0ms
41 timing reify:loadTrees Completed in 26ms
42 timing reify:diffTrees Completed in 3ms
43 silly reify moves {}
44 timing reify:retireShallow Completed in 1ms
45 timing reify:createSparse Completed in 0ms
46 timing reify:loadBundles Completed in 0ms
47 silly audit bulk request {
47 silly audit   abbrev: [ '1.1.1' ],
47 silly audit   anymatch: [ '3.1.3' ],
47 silly audit   'balanced-match': [ '1.0.2' ],
47 silly audit   'binary-extensions': [ '2.2.0' ],
47 silly audit   'brace-expansion': [ '1.1.11' ],
47 silly audit   braces: [ '3.0.2' ],
47 silly audit   chokidar: [ '3.6.0' ],
47 silly audit   'concat-map': [ '0.0.1' ],
47 silly audit   'csv-parse': [ '5.5.5' ],
47 silly audit   debug: [ '4.3.4' ],
47 silly audit   'fill-range': [ '7.0.1' ],
47 silly audit   fsevents: [ '2.3.3' ],
47 silly audit   'glob-parent': [ '5.1.2' ],
47 silly audit   'has-flag': [ '3.0.0' ],
47 silly audit   'ignore-by-default': [ '1.0.1' ],
47 silly audit   'is-binary-path': [ '2.1.0' ],
47 silly audit   'is-extglob': [ '2.1.1' ],
47 silly audit   'is-glob': [ '4.0.3' ],
47 silly audit   'is-number': [ '7.0.0' ],
47 silly audit   'lru-cache': [ '6.0.0' ],
47 silly audit   minimatch: [ '3.1.2' ],
47 silly audit   ms: [ '2.1.2' ],
47 silly audit   nodemon: [ '3.1.0' ],
47 silly audit   nopt: [ '1.0.10' ],
47 silly audit   'normalize-path': [ '3.0.0' ],
47 silly audit   picomatch: [ '2.3.1' ],
47 silly audit   'pstree.remy': [ '1.1.8' ],
47 silly audit   readdirp: [ '3.6.0' ],
47 silly audit   semver: [ '7.6.0' ],
47 silly audit   'simple-update-notifier': [ '2.0.0' ],
47 silly audit   'supports-color': [ '5.5.0' ],
47 silly audit   'to-regex-range': [ '5.0.1' ],
47 silly audit   touch: [ '3.1.0' ],
47 silly audit   undefsafe: [ '2.0.5' ],
47 silly audit   yallist: [ '4.0.0' ]
47 silly audit }
48 timing reify:unpack Completed in 1ms
49 timing reify:unretire Completed in 0ms
50 timing build:queue Completed in 0ms
51 timing build:deps Completed in 0ms
52 timing build Completed in 0ms
53 timing reify:build Completed in 0ms
54 timing reify:trash Completed in 0ms
55 timing reify:save Completed in 8ms
56 http fetch POST 200 https://registry.npmjs.org/-/npm/v1/security/advisories/bulk 406ms
57 timing auditReport:getReport Completed in 408ms
58 silly audit report {}
59 timing auditReport:init Completed in 0ms
60 timing reify:audit Completed in 409ms
61 timing reify Completed in 439ms
62 timing command:install Completed in 448ms
63 verbose exit 0
64 timing npm Completed in 472ms
65 info ok
