0 verbose cli /Users/asmitsingh/.nvm/versions/node/v19.4.0/bin/node /Users/asmitsingh/.nvm/versions/node/v19.4.0/bin/npm
1 info using npm@9.2.0
2 info using node@v19.4.0
3 timing npm:load:whichnode Completed in 0ms
4 timing config:load:defaults Completed in 0ms
5 timing config:load:file:/Users/asmitsingh/.nvm/versions/node/v19.4.0/lib/node_modules/npm/npmrc Completed in 1ms
6 timing config:load:builtin Completed in 1ms
7 timing config:load:cli Completed in 0ms
8 timing config:load:env Completed in 1ms
9 timing config:load:file:/Users/asmitsingh/Documents/ticketing/auth/.npmrc Completed in 0ms
10 timing config:load:project Completed in 1ms
11 timing config:load:file:/Users/asmitsingh/.npmrc Completed in 0ms
12 timing config:load:user Completed in 0ms
13 timing config:load:file:/Users/asmitsingh/.nvm/versions/node/v19.4.0/etc/npmrc Completed in 1ms
14 timing config:load:global Completed in 1ms
15 timing config:load:setEnvs Completed in 1ms
16 timing config:load Completed in 5ms
17 timing npm:load:configload Completed in 5ms
18 timing npm:load:mkdirpcache Completed in 0ms
19 timing npm:load:mkdirplogs Completed in 0ms
20 verbose title npm install
21 verbose argv "install"
22 timing npm:load:setTitle Completed in 5ms
23 timing config:load:flatten Completed in 1ms
24 timing npm:load:display Completed in 1ms
25 verbose logfile logs-max:10 dir:/Users/asmitsingh/Documents/ticketing/auth/npm-cache/_logs/2024-05-03T06_46_35_188Z-
26 verbose logfile /Users/asmitsingh/Documents/ticketing/auth/npm-cache/_logs/2024-05-03T06_46_35_188Z-debug-0.log
27 timing npm:load:logFile Completed in 2ms
28 timing npm:load:timers Completed in 0ms
29 timing npm:load:configScope Completed in 0ms
30 timing npm:load Completed in 15ms
31 silly logfile done cleaning log files
32 timing config:load:flatten Completed in 0ms
33 timing arborist:ctor Completed in 1ms
34 timing idealTree:init Completed in 106ms
35 timing idealTree:userRequests Completed in 0ms
36 silly idealTree buildDeps
37 timing idealTree:#root Completed in 0ms
38 timing idealTree:buildDeps Completed in 1ms
39 timing idealTree:fixDepFlags Completed in 0ms
40 warn EBADENGINE Unsupported engine {
40 warn EBADENGINE   package: 'ts-jest@29.1.2',
40 warn EBADENGINE   required: { node: '^16.10.0 || ^18.0.0 || >=20.0.0' },
40 warn EBADENGINE   current: { node: 'v19.4.0', npm: '9.2.0' }
40 warn EBADENGINE }
41 timing idealTree Completed in 112ms
42 timing arborist:ctor Completed in 0ms
43 timing reify:loadTrees Completed in 186ms
44 timing reify:diffTrees Completed in 13ms
45 silly reify moves {}
46 timing reify:retireShallow Completed in 0ms
47 timing reify:createSparse Completed in 0ms
48 timing reify:loadBundles Completed in 0ms
49 silly audit bulk request {
49 silly audit   '@ampproject/remapping': [ '2.3.0' ],
49 silly audit   '@jridgewell/trace-mapping': [ '0.3.25', '0.3.9' ],
49 silly audit   '@babel/code-frame': [ '7.24.2' ],
49 silly audit   '@babel/compat-data': [ '7.24.4' ],
49 silly audit   '@babel/core': [ '7.24.5' ],
49 silly audit   debug: [ '4.3.4', '3.2.7', '2.6.9' ],
49 silly audit   ms: [ '2.1.2', '2.1.3', '2.0.0' ],
49 silly audit   semver: [ '6.3.1', '7.6.0' ],
49 silly audit   '@babel/generator': [ '7.24.5' ],
49 silly audit   '@babel/helper-compilation-targets': [ '7.23.6' ],
49 silly audit   'lru-cache': [ '5.1.1', '6.0.0' ],
49 silly audit   yallist: [ '3.1.1', '4.0.0' ],
49 silly audit   '@babel/helper-environment-visitor': [ '7.22.20' ],
49 silly audit   '@babel/helper-function-name': [ '7.23.0' ],
49 silly audit   '@babel/helper-hoist-variables': [ '7.22.5' ],
49 silly audit   '@babel/helper-module-imports': [ '7.24.3' ],
49 silly audit   '@babel/helper-module-transforms': [ '7.24.5' ],
49 silly audit   '@babel/helper-plugin-utils': [ '7.24.5' ],
49 silly audit   '@babel/helper-simple-access': [ '7.24.5' ],
49 silly audit   '@babel/helper-split-export-declaration': [ '7.24.5' ],
49 silly audit   '@babel/helper-string-parser': [ '7.24.1' ],
49 silly audit   '@babel/helper-validator-identifier': [ '7.24.5' ],
49 silly audit   '@babel/helper-validator-option': [ '7.23.5' ],
49 silly audit   '@babel/helpers': [ '7.24.5' ],
49 silly audit   '@babel/highlight': [ '7.24.5' ],
49 silly audit   'ansi-styles': [ '3.2.1', '4.3.0', '5.2.0' ],
49 silly audit   chalk: [ '2.4.2', '4.1.2' ],
49 silly audit   'color-convert': [ '1.9.3', '2.0.1' ],
49 silly audit   'color-name': [ '1.1.3', '1.1.4' ],
49 silly audit   'escape-string-regexp': [ '1.0.5', '2.0.0' ],
49 silly audit   'has-flag': [ '3.0.0', '4.0.0' ],
49 silly audit   'supports-color': [ '5.5.0', '8.1.1', '7.2.0' ],
49 silly audit   '@babel/parser': [ '7.24.5' ],
49 silly audit   '@babel/plugin-syntax-async-generators': [ '7.8.4' ],
49 silly audit   '@babel/plugin-syntax-bigint': [ '7.8.3' ],
49 silly audit   '@babel/plugin-syntax-class-properties': [ '7.12.13' ],
49 silly audit   '@babel/plugin-syntax-import-meta': [ '7.10.4' ],
49 silly audit   '@babel/plugin-syntax-json-strings': [ '7.8.3' ],
49 silly audit   '@babel/plugin-syntax-jsx': [ '7.24.1' ],
49 silly audit   '@babel/plugin-syntax-logical-assignment-operators': [ '7.10.4' ],
49 silly audit   '@babel/plugin-syntax-nullish-coalescing-operator': [ '7.8.3' ],
49 silly audit   '@babel/plugin-syntax-numeric-separator': [ '7.10.4' ],
49 silly audit   '@babel/plugin-syntax-object-rest-spread': [ '7.8.3' ],
49 silly audit   '@babel/plugin-syntax-optional-catch-binding': [ '7.8.3' ],
49 silly audit   '@babel/plugin-syntax-optional-chaining': [ '7.8.3' ],
49 silly audit   '@babel/plugin-syntax-top-level-await': [ '7.14.5' ],
49 silly audit   '@babel/plugin-syntax-typescript': [ '7.24.1' ],
49 silly audit   '@babel/template': [ '7.24.0' ],
49 silly audit   '@babel/traverse': [ '7.24.5' ],
49 silly audit   '@babel/types': [ '7.24.5' ],
49 silly audit   '@bcoe/v8-coverage': [ '0.2.3' ],
49 silly audit   '@cspotcode/source-map-support': [ '0.8.1' ],
49 silly audit   '@istanbuljs/load-nyc-config': [ '1.1.0' ],
49 silly audit   '@istanbuljs/schema': [ '0.1.3' ],
49 silly audit   '@jest/console': [ '29.7.0' ],
49 silly audit   '@jest/core': [ '29.7.0' ],
49 silly audit   '@jest/environment': [ '29.7.0' ],
49 silly audit   '@jest/expect': [ '29.7.0' ],
49 silly audit   '@jest/expect-utils': [ '29.7.0' ],
49 silly audit   '@jest/fake-timers': [ '29.7.0' ],
49 silly audit   '@jest/globals': [ '29.7.0' ],
49 silly audit   '@jest/reporters': [ '29.7.0' ],
49 silly audit   '@jest/schemas': [ '29.6.3' ],
49 silly audit   '@jest/source-map': [ '29.6.3' ],
49 silly audit   '@jest/test-result': [ '29.7.0' ],
49 silly audit   '@jest/test-sequencer': [ '29.7.0' ],
49 silly audit   '@jest/transform': [ '29.7.0' ],
49 silly audit   '@jest/types': [ '29.6.3' ],
49 silly audit   '@jridgewell/gen-mapping': [ '0.3.5' ],
49 silly audit   '@jridgewell/resolve-uri': [ '3.1.2' ],
49 silly audit   '@jridgewell/set-array': [ '1.2.1' ],
49 silly audit   '@jridgewell/sourcemap-codec': [ '1.4.15' ],
49 silly audit   '@mongodb-js/saslprep': [ '1.1.5' ],
49 silly audit   '@sinclair/typebox': [ '0.27.8' ],
49 silly audit   '@sinonjs/commons': [ '3.0.1' ],
49 silly audit   '@sinonjs/fake-timers': [ '10.3.0' ],
49 silly audit   '@tsconfig/node10': [ '1.0.9' ],
49 silly audit   '@tsconfig/node12': [ '1.0.11' ],
49 silly audit   '@tsconfig/node14': [ '1.0.3' ],
49 silly audit   '@tsconfig/node16': [ '1.0.4' ],
49 silly audit   '@types/babel__core': [ '7.20.5' ],
49 silly audit   '@types/babel__generator': [ '7.6.8' ],
49 silly audit   '@types/babel__template': [ '7.4.4' ],
49 silly audit   '@types/babel__traverse': [ '7.20.5' ],
49 silly audit   '@types/body-parser': [ '1.19.5' ],
49 silly audit   '@types/connect': [ '3.4.38' ],
49 silly audit   '@types/cookie': [ '0.6.0' ],
49 silly audit   '@types/cookie-session': [ '2.0.49' ],
49 silly audit   '@types/cookiejar': [ '2.1.5' ],
49 silly audit   '@types/express': [ '4.17.21' ],
49 silly audit   '@types/express-serve-static-core': [ '4.17.43' ],
49 silly audit   '@types/graceful-fs': [ '4.1.9' ],
49 silly audit   '@types/http-errors': [ '2.0.4' ],
49 silly audit   '@types/istanbul-lib-coverage': [ '2.0.6' ],
49 silly audit   '@types/istanbul-lib-report': [ '3.0.3' ],
49 silly audit   '@types/istanbul-reports': [ '3.0.4' ],
49 silly audit   '@types/jest': [ '29.5.12' ],
49 silly audit   '@types/jsonwebtoken': [ '9.0.6' ],
49 silly audit   '@types/keygrip': [ '1.0.6' ],
49 silly audit   '@types/methods': [ '1.1.4' ],
49 silly audit   '@types/mime': [ '1.3.5' ],
49 silly audit   '@types/mongoose': [ '5.11.97' ],
49 silly audit   '@types/node': [ '20.11.27' ],
49 silly audit   '@types/qs': [ '6.9.12' ],
49 silly audit   '@types/range-parser': [ '1.2.7' ],
49 silly audit   '@types/send': [ '0.17.4' ],
49 silly audit   '@types/serve-static': [ '1.15.5' ],
49 silly audit   '@types/stack-utils': [ '2.0.3' ],
49 silly audit   '@types/strip-bom': [ '3.0.0' ],
49 silly audit   '@types/strip-json-comments': [ '0.0.30' ],
49 silly audit   '@types/superagent': [ '8.1.6' ],
49 silly audit   '@types/supertest': [ '6.0.2' ],
49 silly audit   '@types/webidl-conversions': [ '7.0.3' ],
49 silly audit   '@types/whatwg-url': [ '11.0.4', '8.2.2' ],
49 silly audit   '@types/yargs': [ '17.0.32' ],
49 silly audit   '@types/yargs-parser': [ '21.0.3' ],
49 silly audit   accepts: [ '1.3.8' ],
49 silly audit   acorn: [ '8.11.3' ],
49 silly audit   'acorn-walk': [ '8.3.2' ],
49 silly audit   'agent-base': [ '7.1.1' ],
49 silly audit   'ansi-escapes': [ '4.3.2' ],
49 silly audit   'ansi-regex': [ '5.0.1' ],
49 silly audit   anymatch: [ '3.1.3' ],
49 silly audit   arg: [ '4.1.3' ],
49 silly audit   argparse: [ '1.0.10' ],
49 silly audit   'array-flatten': [ '1.1.1' ],
49 silly audit   asap: [ '2.0.6' ],
49 silly audit   'async-mutex': [ '0.4.1' ],
49 silly audit   asynckit: [ '0.4.0' ],
49 silly audit   b4a: [ '1.6.6' ],
49 silly audit   'babel-jest': [ '29.7.0' ],
49 silly audit   'babel-plugin-istanbul': [ '6.1.1' ],
49 silly audit   'istanbul-lib-instrument': [ '5.2.1', '6.0.2' ],
49 silly audit   'babel-plugin-jest-hoist': [ '29.6.3' ],
49 silly audit   'babel-preset-current-node-syntax': [ '1.0.1' ],
49 silly audit   'babel-preset-jest': [ '29.6.3' ],
49 silly audit   'balanced-match': [ '1.0.2' ],
49 silly audit   'bare-events': [ '2.2.2' ],
49 silly audit   'binary-extensions': [ '2.3.0' ],
49 silly audit   'body-parser': [ '1.20.2' ],
49 silly audit   'brace-expansion': [ '1.1.11' ],
49 silly audit   braces: [ '3.0.2' ],
49 silly audit   browserslist: [ '4.23.0' ],
49 silly audit   'bs-logger': [ '0.2.6' ],
49 silly audit   bser: [ '2.1.1' ],
49 silly audit   bson: [ '6.5.0', '5.5.1' ],
49 silly audit   'buffer-crc32': [ '0.2.13' ],
49 silly audit   'buffer-equal-constant-time': [ '1.0.1' ],
49 silly audit   'buffer-from': [ '1.1.2' ],
49 silly audit   bytes: [ '3.1.2' ],
49 silly audit   'call-bind': [ '1.0.7' ],
49 silly audit   callsites: [ '3.1.0' ],
49 silly audit   camelcase: [ '5.3.1', '6.3.0' ],
49 silly audit   'caniuse-lite': [ '1.0.30001614' ],
49 silly audit   'char-regex': [ '1.0.2' ],
49 silly audit   chokidar: [ '3.6.0' ],
49 silly audit   'ci-info': [ '3.9.0' ],
49 silly audit   'cjs-module-lexer': [ '1.3.1' ],
49 silly audit   cliui: [ '8.0.1' ],
49 silly audit   co: [ '4.6.0' ],
49 silly audit   'collect-v8-coverage': [ '1.0.2' ],
49 silly audit   'combined-stream': [ '1.0.8' ],
49 silly audit   commondir: [ '1.0.1' ],
49 silly audit   'component-emitter': [ '1.3.1' ],
49 silly audit   'concat-map': [ '0.0.1' ],
49 silly audit   'content-disposition': [ '0.5.4' ],
49 silly audit   'content-type': [ '1.0.5' ],
49 silly audit   'convert-source-map': [ '2.0.0' ],
49 silly audit   cookie: [ '0.6.0', '0.5.0' ],
49 silly audit   'cookie-session': [ '2.1.0' ],
49 silly audit   'cookie-signature': [ '1.0.6' ],
49 silly audit   cookiejar: [ '2.1.4' ],
49 silly audit   cookies: [ '0.9.1' ],
49 silly audit   'create-jest': [ '29.7.0' ],
49 silly audit   'create-require': [ '1.1.1' ],
49 silly audit   'cross-spawn': [ '7.0.3' ],
49 silly audit   dedent: [ '1.5.3' ],
49 silly audit   deepmerge: [ '4.3.1' ],
49 silly audit   'define-data-property': [ '1.1.4' ],
49 silly audit   'delayed-stream': [ '1.0.0' ],
49 silly audit   depd: [ '2.0.0' ],
49 silly audit   destroy: [ '1.2.0' ],
49 silly audit   'detect-newline': [ '3.1.0' ],
49 silly audit   dezalgo: [ '1.0.4' ],
49 silly audit   diff: [ '4.0.2' ],
49 silly audit   'diff-sequences': [ '29.6.3' ],
49 silly audit   'dynamic-dedupe': [ '0.3.0' ],
49 silly audit   'ecdsa-sig-formatter': [ '1.0.11' ],
49 silly audit   'ee-first': [ '1.1.1' ],
49 silly audit   'electron-to-chromium': [ '1.4.751' ],
49 silly audit   emittery: [ '0.13.1' ],
49 silly audit   'emoji-regex': [ '8.0.0' ],
49 silly audit   encodeurl: [ '1.0.2' ],
49 silly audit   'error-ex': [ '1.3.2' ],
49 silly audit   'es-define-property': [ '1.0.0' ],
49 silly audit   'es-errors': [ '1.3.0' ],
49 silly audit   escalade: [ '3.1.2' ],
49 silly audit   'escape-html': [ '1.0.3' ],
49 silly audit   esprima: [ '4.0.1' ],
49 silly audit   etag: [ '1.8.1' ],
49 silly audit   execa: [ '5.1.1' ],
49 silly audit   exit: [ '0.1.2' ],
49 silly audit   expect: [ '29.7.0' ],
49 silly audit   express: [ '4.18.3' ],
49 silly audit   'express-async-errors': [ '3.1.1' ],
49 silly audit   'express-validator': [ '7.0.1' ],
49 silly audit   'fast-fifo': [ '1.3.2' ],
49 silly audit   'fast-json-stable-stringify': [ '2.1.0' ],
49 silly audit   'fast-safe-stringify': [ '2.1.1' ],
49 silly audit   'fb-watchman': [ '2.0.2' ],
49 silly audit   'fill-range': [ '7.0.1' ],
49 silly audit   finalhandler: [ '1.2.0' ],
49 silly audit   'find-cache-dir': [ '3.3.2' ],
49 silly audit   'make-dir': [ '3.1.0', '4.0.0' ],
49 silly audit   'find-up': [ '4.1.0' ],
49 silly audit   'follow-redirects': [ '1.15.6' ],
49 silly audit   'form-data': [ '4.0.0' ],
49 silly audit   formidable: [ '3.5.1' ],
49 silly audit   forwarded: [ '0.2.0' ],
49 silly audit   fresh: [ '0.5.2' ],
49 silly audit   'fs.realpath': [ '1.0.0' ],
49 silly audit   fsevents: [ '2.3.3' ],
49 silly audit   'function-bind': [ '1.1.2' ],
49 silly audit   gensync: [ '1.0.0-beta.2' ],
49 silly audit   'get-caller-file': [ '2.0.5' ],
49 silly audit   'get-intrinsic': [ '1.2.4' ],
49 silly audit   'get-package-type': [ '0.1.0' ],
49 silly audit   'get-stream': [ '6.0.1' ],
49 silly audit   glob: [ '7.2.3' ],
49 silly audit   'glob-parent': [ '5.1.2' ],
49 silly audit   globals: [ '11.12.0' ],
49 silly audit   gopd: [ '1.0.1' ],
49 silly audit   'graceful-fs': [ '4.2.11' ],
49 silly audit   'has-property-descriptors': [ '1.0.2' ],
49 silly audit   'has-proto': [ '1.0.3' ],
49 silly audit   'has-symbols': [ '1.0.3' ],
49 silly audit   hasown: [ '2.0.2' ],
49 silly audit   hexoid: [ '1.0.0' ],
49 silly audit   'html-escaper': [ '2.0.2' ],
49 silly audit   'http-errors': [ '2.0.0' ],
49 silly audit   'https-proxy-agent': [ '7.0.4' ],
49 silly audit   'human-signals': [ '2.1.0' ],
49 silly audit   'iconv-lite': [ '0.4.24' ],
49 silly audit   'import-local': [ '3.1.0' ],
49 silly audit   imurmurhash: [ '0.1.4' ],
49 silly audit   inflight: [ '1.0.6' ],
49 silly audit   inherits: [ '2.0.4' ],
49 silly audit   'ip-address': [ '9.0.5' ],
49 silly audit   'sprintf-js': [ '1.1.3', '1.0.3' ],
49 silly audit   'ipaddr.js': [ '1.9.1' ],
49 silly audit   'is-arrayish': [ '0.2.1' ],
49 silly audit   'is-binary-path': [ '2.1.0' ],
49 silly audit   'is-core-module': [ '2.13.1' ],
49 silly audit   'is-extglob': [ '2.1.1' ],
49 silly audit   'is-fullwidth-code-point': [ '3.0.0' ],
49 silly audit   'is-generator-fn': [ '2.1.0' ],
49 silly audit   'is-glob': [ '4.0.3' ],
49 silly audit   'is-number': [ '7.0.0' ],
49 silly audit   'is-stream': [ '2.0.1' ],
49 silly audit   isexe: [ '2.0.0' ],
49 silly audit   'istanbul-lib-coverage': [ '3.2.2' ],
49 silly audit   'istanbul-lib-report': [ '3.0.1' ],
49 silly audit   'istanbul-lib-source-maps': [ '4.0.1' ],
49 silly audit   'istanbul-reports': [ '3.1.7' ],
49 silly audit   jest: [ '29.7.0' ],
49 silly audit   'jest-changed-files': [ '29.7.0' ],
49 silly audit   'jest-circus': [ '29.7.0' ],
49 silly audit   'jest-cli': [ '29.7.0' ],
49 silly audit   'jest-config': [ '29.7.0' ],
49 silly audit   'strip-json-comments': [ '3.1.1', '2.0.1' ],
49 silly audit   'jest-diff': [ '29.7.0' ],
49 silly audit   'jest-docblock': [ '29.7.0' ],
49 silly audit   'jest-each': [ '29.7.0' ],
49 silly audit   'jest-environment-node': [ '29.7.0' ],
49 silly audit   'jest-get-type': [ '29.6.3' ],
49 silly audit   'jest-haste-map': [ '29.7.0' ],
49 silly audit   'jest-leak-detector': [ '29.7.0' ],
49 silly audit   'jest-matcher-utils': [ '29.7.0' ],
49 silly audit   'jest-message-util': [ '29.7.0' ],
49 silly audit   'jest-mock': [ '29.7.0' ],
49 silly audit   'jest-pnp-resolver': [ '1.2.3' ],
49 silly audit   'jest-regex-util': [ '29.6.3' ],
49 silly audit   'jest-resolve': [ '29.7.0' ],
49 silly audit   'jest-resolve-dependencies': [ '29.7.0' ],
49 silly audit   'jest-runner': [ '29.7.0' ],
49 silly audit   'source-map-support': [ '0.5.13', '0.5.21' ],
49 silly audit   'jest-runtime': [ '29.7.0' ],
49 silly audit   'strip-bom': [ '4.0.0', '3.0.0' ],
49 silly audit   'jest-snapshot': [ '29.7.0' ],
49 silly audit   'jest-util': [ '29.7.0' ],
49 silly audit   'jest-validate': [ '29.7.0' ],
49 silly audit   'jest-watcher': [ '29.7.0' ],
49 silly audit   'jest-worker': [ '29.7.0' ],
49 silly audit   'js-tokens': [ '4.0.0' ],
49 silly audit   'js-yaml': [ '3.14.1' ],
49 silly audit   jsbn: [ '1.1.0' ],
49 silly audit   jsesc: [ '2.5.2' ],
49 silly audit   'json-parse-even-better-errors': [ '2.3.1' ],
49 silly audit   json5: [ '2.2.3' ],
49 silly audit   jsonwebtoken: [ '9.0.2' ],
49 silly audit   jwa: [ '1.4.1' ],
49 silly audit   jws: [ '3.2.2' ],
49 silly audit   kareem: [ '2.5.1' ],
49 silly audit   keygrip: [ '1.1.0' ],
49 silly audit   kleur: [ '3.0.3' ],
49 silly audit   leven: [ '3.1.0' ],
49 silly audit   'lines-and-columns': [ '1.2.4' ],
49 silly audit   'locate-path': [ '5.0.0' ],
49 silly audit   lodash: [ '4.17.21' ],
49 silly audit   'lodash.includes': [ '4.3.0' ],
49 silly audit   'lodash.isboolean': [ '3.0.3' ],
49 silly audit   'lodash.isinteger': [ '4.0.4' ],
49 silly audit   'lodash.isnumber': [ '3.0.3' ],
49 silly audit   'lodash.isplainobject': [ '4.0.6' ],
49 silly audit   'lodash.isstring': [ '4.0.1' ],
49 silly audit   'lodash.memoize': [ '4.1.2' ],
49 silly audit   'lodash.once': [ '4.1.1' ],
49 silly audit   'make-error': [ '1.3.6' ],
49 silly audit   makeerror: [ '1.0.12' ],
49 silly audit   'media-typer': [ '0.3.0' ],
49 silly audit   'memory-pager': [ '1.5.0' ],
49 silly audit   'merge-descriptors': [ '1.0.1' ],
49 silly audit   'merge-stream': [ '2.0.0' ],
49 silly audit   methods: [ '1.1.2' ],
49 silly audit   micromatch: [ '4.0.5' ],
49 silly audit   mime: [ '1.6.0', '2.6.0' ],
49 silly audit   'mime-db': [ '1.52.0' ],
49 silly audit   'mime-types': [ '2.1.35' ],
49 silly audit   'mimic-fn': [ '2.1.0' ],
49 silly audit   minimatch: [ '3.1.2' ],
49 silly audit   minimist: [ '1.2.8' ],
49 silly audit   mkdirp: [ '1.0.4' ],
49 silly audit   mongodb: [ '6.3.0', '5.9.2' ],
49 silly audit   'mongodb-connection-string-url': [ '3.0.0', '2.6.0' ],
49 silly audit   'mongodb-memory-server': [ '9.2.0' ],
49 silly audit   'mongodb-memory-server-core': [ '9.2.0' ],
49 silly audit   tr46: [ '3.0.0', '4.1.1' ],
49 silly audit   'whatwg-url': [ '11.0.0', '13.0.0' ],
49 silly audit   mongoose: [ '8.2.3' ],
49 silly audit   mpath: [ '0.9.0' ],
49 silly audit   mquery: [ '5.0.0' ],
49 silly audit   'natural-compare': [ '1.4.0' ],
49 silly audit   negotiator: [ '0.6.3' ],
49 silly audit   'new-find-package-json': [ '2.0.0' ],
49 silly audit   'node-int64': [ '0.4.0' ],
49 silly audit   'node-releases': [ '2.0.14' ],
49 silly audit   'normalize-path': [ '3.0.0' ],
49 silly audit   'npm-run-path': [ '4.0.1' ],
49 silly audit   'object-inspect': [ '1.13.1' ],
49 silly audit   'on-finished': [ '2.4.1' ],
49 silly audit   'on-headers': [ '1.0.2' ],
49 silly audit   once: [ '1.4.0' ],
49 silly audit   onetime: [ '5.1.2' ],
49 silly audit   'p-limit': [ '3.1.0', '2.3.0' ],
49 silly audit   'p-locate': [ '4.1.0' ],
49 silly audit   'p-try': [ '2.2.0' ],
49 silly audit   'parse-json': [ '5.2.0' ],
49 silly audit   parseurl: [ '1.3.3' ],
49 silly audit   'path-exists': [ '4.0.0' ],
49 silly audit   'path-is-absolute': [ '1.0.1' ],
49 silly audit   'path-key': [ '3.1.1' ],
49 silly audit   'path-parse': [ '1.0.7' ],
49 silly audit   'path-to-regexp': [ '0.1.7' ],
49 silly audit   pend: [ '1.2.0' ],
49 silly audit   picocolors: [ '1.0.0' ],
49 silly audit   picomatch: [ '2.3.1' ],
49 silly audit   pirates: [ '4.0.6' ],
49 silly audit   'pkg-dir': [ '4.2.0' ],
49 silly audit   'pretty-format': [ '29.7.0' ],
49 silly audit   prompts: [ '2.4.2' ],
49 silly audit   'proxy-addr': [ '2.0.7' ],
49 silly audit   punycode: [ '2.3.1' ],
49 silly audit   'pure-rand': [ '6.1.0' ],
49 silly audit   qs: [ '6.11.0' ],
49 silly audit   'queue-tick': [ '1.0.1' ],
49 silly audit   'range-parser': [ '1.2.1' ],
49 silly audit   'raw-body': [ '2.5.2' ],
49 silly audit   'react-is': [ '18.3.1' ],
49 silly audit   readdirp: [ '3.6.0' ],
49 silly audit   'require-directory': [ '2.1.1' ],
49 silly audit   resolve: [ '1.22.8' ],
49 silly audit   'resolve-cwd': [ '3.0.0' ],
49 silly audit   'resolve-from': [ '5.0.0' ],
49 silly audit   'resolve.exports': [ '2.0.2' ],
49 silly audit   rimraf: [ '2.7.1' ],
49 silly audit   'safe-buffer': [ '5.2.1' ],
49 silly audit   'safer-buffer': [ '2.1.2' ],
49 silly audit   send: [ '0.18.0' ],
49 silly audit   'serve-static': [ '1.15.0' ],
49 silly audit   'set-function-length': [ '1.2.2' ],
49 silly audit   setprototypeof: [ '1.2.0' ],
49 silly audit   'shebang-command': [ '2.0.0' ],
49 silly audit   'shebang-regex': [ '3.0.0' ],
49 silly audit   'side-channel': [ '1.0.6' ],
49 silly audit   sift: [ '16.0.1' ],
49 silly audit   'signal-exit': [ '3.0.7' ],
49 silly audit   sisteransi: [ '1.0.5' ],
49 silly audit   slash: [ '3.0.0' ],
49 silly audit   'smart-buffer': [ '4.2.0' ],
49 silly audit   socks: [ '2.8.3' ],
49 silly audit   'source-map': [ '0.6.1' ],
49 silly audit   'sparse-bitfield': [ '3.0.3' ],
49 silly audit   'stack-utils': [ '2.0.6' ],
49 silly audit   statuses: [ '2.0.1' ],
49 silly audit   streamx: [ '2.16.1' ],
49 silly audit   'string-length': [ '4.0.2' ],
49 silly audit   'string-width': [ '4.2.3' ],
49 silly audit   'strip-ansi': [ '6.0.1' ],
49 silly audit   'strip-final-newline': [ '2.0.0' ],
49 silly audit   superagent: [ '9.0.2' ],
49 silly audit   supertest: [ '7.0.0' ],
49 silly audit   'supports-preserve-symlinks-flag': [ '1.0.0' ],
49 silly audit   'tar-stream': [ '3.1.7' ],
49 silly audit   'test-exclude': [ '6.0.0' ],
49 silly audit   tmpl: [ '1.0.5' ],
49 silly audit   'to-fast-properties': [ '2.0.0' ],
49 silly audit   'to-regex-range': [ '5.0.1' ],
49 silly audit   toidentifier: [ '1.0.1' ],
49 silly audit   'tree-kill': [ '1.2.2' ],
49 silly audit   'ts-jest': [ '29.1.2' ],
49 silly audit   'ts-node': [ '10.9.2' ],
49 silly audit   'ts-node-dev': [ '2.0.0' ],
49 silly audit   tsconfig: [ '7.0.0' ],
49 silly audit   tslib: [ '2.6.2' ],
49 silly audit   tsscmp: [ '1.0.6' ],
49 silly audit   'type-detect': [ '4.0.8' ],
49 silly audit   'type-fest': [ '0.21.3' ],
49 silly audit   'type-is': [ '1.6.18' ],
49 silly audit   typescript: [ '5.4.2' ],
49 silly audit   'undici-types': [ '5.26.5' ],
49 silly audit   unpipe: [ '1.0.0' ],
49 silly audit   'update-browserslist-db': [ '1.0.13' ],
49 silly audit   'utils-merge': [ '1.0.1' ],
49 silly audit   'v8-compile-cache-lib': [ '3.0.1' ],
49 silly audit   'v8-to-istanbul': [ '9.2.0' ],
49 silly audit   validator: [ '13.11.0' ],
49 silly audit   vary: [ '1.1.2' ],
49 silly audit   walker: [ '1.0.8' ],
49 silly audit   'webidl-conversions': [ '7.0.0' ],
49 silly audit   which: [ '2.0.2' ],
49 silly audit   'wrap-ansi': [ '7.0.0' ],
49 silly audit   wrappy: [ '1.0.2' ],
49 silly audit   'write-file-atomic': [ '4.0.2' ],
49 silly audit   xtend: [ '4.0.2' ],
49 silly audit   y18n: [ '5.0.8' ],
49 silly audit   yargs: [ '17.7.2' ],
49 silly audit   'yargs-parser': [ '21.1.1' ],
49 silly audit   yauzl: [ '3.1.3' ],
49 silly audit   yn: [ '3.1.1' ],
49 silly audit   'yocto-queue': [ '0.1.0' ]
49 silly audit }
50 timing reify:unpack Completed in 0ms
51 timing reify:unretire Completed in 0ms
52 timing build:queue Completed in 0ms
53 timing build:deps Completed in 0ms
54 timing build Completed in 0ms
55 timing reify:build Completed in 0ms
56 timing reify:trash Completed in 0ms
57 timing reify:save Completed in 32ms
58 http fetch GET 200 https://registry.npmjs.org/npm 377ms (cache miss)
59 http fetch POST 200 https://registry.npmjs.org/-/npm/v1/security/advisories/bulk 401ms
60 timing auditReport:getReport Completed in 404ms
61 silly audit report {
61 silly audit report   express: [
61 silly audit report     {
61 silly audit report       id: 1096820,
61 silly audit report       url: 'https://github.com/advisories/GHSA-rv95-896h-c2vc',
61 silly audit report       title: 'Express.js Open Redirect in malformed URLs',
61 silly audit report       severity: 'moderate',
61 silly audit report       vulnerable_versions: '<4.19.2',
61 silly audit report       cwe: [Array],
61 silly audit report       cvss: [Object]
61 silly audit report     }
61 silly audit report   ]
61 silly audit report }
62 timing metavuln:cache:get:security-advisory:express:lBXrUDHGQ8w6TsFbfO+dIpiL3mSEKXOF2OuvW+b7kHxIhUYJTgPXfCu70PLwR+5DiyOmPyeCmimiWIYaeIPBdw== Completed in 1ms
63 http fetch GET 200 https://registry.npmjs.org/express 118ms (cache miss)
64 timing metavuln:packument:express Completed in 124ms
65 timing metavuln:load:security-advisory:express:1096820 Completed in 11ms
66 timing metavuln:cache:put:security-advisory:express:lBXrUDHGQ8w6TsFbfO+dIpiL3mSEKXOF2OuvW+b7kHxIhUYJTgPXfCu70PLwR+5DiyOmPyeCmimiWIYaeIPBdw== Completed in 5ms
67 timing metavuln:calculate:security-advisory:express:1096820 Completed in 141ms
68 timing metavuln:cache:get:security-advisory:express-async-errors:e9j5gRegj36gIzMj36Nd5lCDQdmf/Zk0Iobt4ahSHGC+ftehyuTkT9e6Fp3/M5G5ZUivRoAJhFxzLKoBdSH+ww== Completed in 1ms
69 http fetch GET 200 https://registry.npmjs.org/express-async-errors 383ms (cache miss)
70 timing metavuln:packument:express-async-errors Completed in 384ms
71 timing metavuln:load:security-advisory:express-async-errors:lBXrUDHGQ8w6TsFbfO+dIpiL3mSEKXOF2OuvW+b7kHxIhUYJTgPXfCu70PLwR+5DiyOmPyeCmimiWIYaeIPBdw== Completed in 2ms
72 timing metavuln:cache:put:security-advisory:express-async-errors:e9j5gRegj36gIzMj36Nd5lCDQdmf/Zk0Iobt4ahSHGC+ftehyuTkT9e6Fp3/M5G5ZUivRoAJhFxzLKoBdSH+ww== Completed in 3ms
73 timing metavuln:calculate:security-advisory:express-async-errors:lBXrUDHGQ8w6TsFbfO+dIpiL3mSEKXOF2OuvW+b7kHxIhUYJTgPXfCu70PLwR+5DiyOmPyeCmimiWIYaeIPBdw== Completed in 389ms
74 timing auditReport:init Completed in 531ms
75 timing reify:audit Completed in 937ms
76 timing reify Completed in 1169ms
77 timing command:install Completed in 1180ms
78 notice
78 notice New [31mmajor[39m version of npm available! [31m9.2.0[39m -> [32m10.7.0[39m
78 notice Changelog: [36mhttps://github.com/npm/cli/releases/tag/v10.7.0[39m
78 notice Run [32mnpm install -g npm@10.7.0[39m to update!
78 notice
79 verbose exit 0
80 timing npm Completed in 1205ms
81 info ok
